c:\users\rubas\desktop\raa-2022\debug\vc143.pdb
c:\users\rubas\desktop\raa-2022\debug\vc143.idb
c:\users\rubas\desktop\raa-2022\debug\stdafx.obj
c:\users\rubas\desktop\raa-2022\debug\semanaliz.obj
c:\users\rubas\desktop\raa-2022\debug\raa-2022.obj
c:\users\rubas\desktop\raa-2022\debug\parm.obj
c:\users\rubas\desktop\raa-2022\debug\mfst.obj
c:\users\rubas\desktop\raa-2022\debug\lt.obj
c:\users\rubas\desktop\raa-2022\debug\log.obj
c:\users\rubas\desktop\raa-2022\debug\lexanaliz.obj
c:\users\rubas\desktop\raa-2022\debug\it.obj
c:\users\rubas\desktop\raa-2022\debug\in.obj
c:\users\rubas\desktop\raa-2022\debug\greibach.obj
c:\users\rubas\desktop\raa-2022\debug\fst.obj
c:\users\rubas\desktop\raa-2022\debug\error.obj
c:\users\rubas\desktop\raa-2022\debug\div.obj
c:\users\rubas\desktop\raa-2022\debug\codegeneration.obj
c:\users\rubas\desktop\raa-2022\debug\raa-2022.exe
c:\users\rubas\desktop\raa-2022\debug\raa-2022.ilk
c:\users\rubas\desktop\raa-2022\debug\raa-2022.pdb
c:\users\rubas\desktop\raa-2022\debug\raa-2022.tlog\cl.command.1.tlog
c:\users\rubas\desktop\raa-2022\debug\raa-2022.tlog\cl.read.1.tlog
c:\users\rubas\desktop\raa-2022\debug\raa-2022.tlog\cl.write.1.tlog
c:\users\rubas\desktop\raa-2022\debug\raa-2022.tlog\link.command.1.tlog
c:\users\rubas\desktop\raa-2022\debug\raa-2022.tlog\link.read.1.tlog
c:\users\rubas\desktop\raa-2022\debug\raa-2022.tlog\link.write.1.tlog
